<?xml version="1.0" encoding="UTF-8"?>
<testsuite xmlns:xsi="http://www.w3.org/2001/XMLSchema-instance" xsi:noNamespaceSchemaLocation="https://maven.apache.org/surefire/maven-failsafe-plugin/xsd/failsafe-test-report.xsd" name="Post on home page" time="630.514" tests="17" errors="0" skipped="0" failures="0">
  <properties>
[...]
</properties>
  <testcase name="post text" classname="Post on home page" time="37.478"/>
  <testcase name="post text" classname="Post on home page" time="33.015"/>
  <testcase name="post text" classname="Post on home page" time="30.197"/>
  <testcase name="post with media on group" classname="Post on home page" time="40.123"/>
  <testcase name="post with media on group" classname="Post on home page" time="45.252"/>
  <testcase name="post with media on group" classname="Post on home page" time="42.352"/>
  <testcase name="post with media on group" classname="Post on home page" time="51.476"/>
  <testcase name="post with media on group" classname="Post on home page" time="52.683"/>
  <testcase name="post with background" classname="Post on home page" time="33.783"/>
  <testcase name="post by mention user" classname="Post on home page" time="30.963"/>
  <testcase name="Check privacy" classname="Post on home page" time="65.261"/>
  <testcase name="Check post question" classname="Post on home page" time="30.853"/>
  <testcase name="Edit privacy of post" classname="Post on home page" time="9.424"/>
  <testcase name="Edit privacy of post" classname="Post on home page" time="9.414"/>
  <testcase name="Edit privacy of post" classname="Post on home page" time="9.403"/>
  <testcase name="Create post by tag user" classname="Post on home page" time="54.559"/>
  <testcase name="Create post by tag user" classname="Post on home page" time="54.271"/>
</testsuite>